<?xml version="1.0" encoding="UTF-8" ?>
<testsuite tests="15" failures="0" name="TestSuite" time="21.181" errors="0" skipped="0">
  <properties>
    <property name="java.runtime.name" value="Java(TM) SE Runtime Environment"/>
    <property name="java.vm.version" value="11.0.20+9-LTS-256"/>
    <property name="sun.boot.library.path" value="C:\Program Files\Java\jdk-11\bin"/>
    <property name="maven.multiModuleProjectDirectory" value="C:/Users/prono/eclipse-workspace/QTripAPI_Automation"/>
    <property name="java.vm.vendor" value="Oracle Corporation"/>
    <property name="java.vendor.url" value="https://openjdk.java.net/"/>
    <property name="guice.disable.misplaced.annotation.check" value="true"/>
    <property name="path.separator" value=";"/>
    <property name="java.vm.name" value="Java HotSpot(TM) 64-Bit Server VM"/>
    <property name="sun.os.patch.level" value=""/>
    <property name="user.script" value=""/>
    <property name="user.country" value="IN"/>
    <property name="sun.java.launcher" value="SUN_STANDARD"/>
    <property name="java.vm.specification.name" value="Java Virtual Machine Specification"/>
    <property name="user.dir" value="C:\Users\prono\eclipse-workspace\QTripAPI_Automation"/>
    <property name="java.vm.compressedOopsMode" value="32-bit"/>
    <property name="java.runtime.version" value="11.0.20+9-LTS-256"/>
    <property name="java.awt.graphicsenv" value="sun.awt.Win32GraphicsEnvironment"/>
    <property name="os.arch" value="amd64"/>
    <property name="java.io.tmpdir" value="C:\Users\prono\AppData\Local\Temp\"/>
    <property name="line.separator" value="
"/>
    <property name="java.vm.specification.vendor" value="Oracle Corporation"/>
    <property name="user.variant" value=""/>
    <property name="os.name" value="Windows 11"/>
    <property name="classworlds.conf" value="C:/Program Files/Dev_programs/apache-maven-3.8.6/bin/m2.conf"/>
    <property name="sun.jnu.encoding" value="Cp1252"/>
    <property name="java.library.path" value="C:\Program Files\Java\jdk-11\bin;C:\WINDOWS\Sun\Java\bin;C:\WINDOWS\system32;C:\WINDOWS;C:\Users\prono\bin;C:\Program Files\Git\mingw64\bin;C:\Program Files\Git\usr\local\bin;C:\Program Files\Git\usr\bin;C:\Program Files\Git\usr\bin;C:\Program Files\Git\mingw64\bin;C:\Program Files\Git\usr\bin;C:\Users\prono\bin;C:\Users\prono\.p2\pool\plugins\org.eclipse.justj.openjdk.hotspot.jre.full.win32.x86_64_17.0.6.v20230204-1729\jre\bin\server;C:\Users\prono\.p2\pool\plugins\org.eclipse.justj.openjdk.hotspot.jre.full.win32.x86_64_17.0.6.v20230204-1729\jre\bin;C:\Program Files\Common Files\Oracle\Java\javapath;C:\DB_Home\bin;C:\WINDOWS\system32;C:\WINDOWS;C:\WINDOWS\System32\Wbem;C:\WINDOWS\System32\WindowsPowerShell\v1.0;C:\WINDOWS\System32\OpenSSH;C:\Users\prono\OneDrive\Desktop\axis2-1.6.2\axis2-1.6.2\bin;C:\Program Files\Dev_programs\apache-maven-3.8.6\bin;C:\Program Files\Java\jdk-11\BIN;C:\curl\bin;C:\Program Files\Git\cmd;C:\Program Files\nodejs;C:\Program Files\Docker\Docker\resources\bin;C:\Program Files\Java\jdk-11\bin;C:\Users\prono\AppData\Local\Programs\Python\Python312\Scripts;C:\Users\prono\AppData\Local\Programs\Python\Python312;C:\Users\prono\AppData\Local\Microsoft\WindowsApps;C:\Users\prono\AppData\Local\Programs\Microsoft VS Code\bin;C:\Users\prono\OneDrive\Desktop\Driver\Gradle\gradle-7.6-all\gradle-7.6\bin;C:\Users\prono\AppData\Roaming\npm;C:\Program Files\Java\jdk-11\bin;C:\WINDOWS\System32;C:\Program Files\Git\usr\bin\vendor_perl;C:\Program Files\Git\usr\bin\core_perl;."/>
    <property name="maven.conf" value="C:/Program Files/Dev_programs/apache-maven-3.8.6/conf"/>
    <property name="jdk.debug" value="release"/>
    <property name="java.class.version" value="55.0"/>
    <property name="java.specification.name" value="Java Platform API Specification"/>
    <property name="sun.management.compiler" value="HotSpot 64-Bit Tiered Compilers"/>
    <property name="os.version" value="10.0"/>
    <property name="library.jansi.path" value="C:/Program Files/Dev_programs/apache-maven-3.8.6/lib/jansi-native"/>
    <property name="user.home" value="C:\Users\prono"/>
    <property name="user.timezone" value="Asia/Calcutta"/>
    <property name="java.awt.printerjob" value="sun.awt.windows.WPrinterJob"/>
    <property name="file.encoding" value="Cp1252"/>
    <property name="java.specification.version" value="11"/>
    <property name="user.name" value="prono"/>
    <property name="java.class.path" value="C:/Program Files/Dev_programs/apache-maven-3.8.6/boot/plexus-classworlds-2.6.0.jar"/>
    <property name="java.vm.specification.version" value="11"/>
    <property name="sun.arch.data.model" value="64"/>
    <property name="sun.java.command" value="org.codehaus.plexus.classworlds.launcher.Launcher test"/>
    <property name="java.home" value="C:\Program Files\Java\jdk-11"/>
    <property name="user.language" value="en"/>
    <property name="java.specification.vendor" value="Oracle Corporation"/>
    <property name="awt.toolkit" value="sun.awt.windows.WToolkit"/>
    <property name="java.vm.info" value="mixed mode"/>
    <property name="java.version" value="11.0.20"/>
    <property name="java.vendor" value="Oracle Corporation"/>
    <property name="sun.stderr.encoding" value="cp850"/>
    <property name="java.specification.maintenance.version" value="2"/>
    <property name="maven.home" value="C:\Program Files\Dev_programs\apache-maven-3.8.6"/>
    <property name="file.separator" value="\"/>
    <property name="java.version.date" value="2023-07-18"/>
    <property name="java.vendor.url.bug" value="https://bugreport.java.com/bugreport/"/>
    <property name="sun.io.unicode.encoding" value="UnicodeLittle"/>
    <property name="sun.cpu.endian" value="little"/>
    <property name="java.vendor.version" value="18.9"/>
    <property name="sun.stdout.encoding" value="cp850"/>
    <property name="sun.desktop" value="windows"/>
    <property name="sun.cpu.isalist" value="amd64"/>
  </properties>
  <testcase classname="Endpoints.GetAdventuredetails_Test" name="search_For_Adventure" time="3.413"/>
  <testcase classname="Endpoints.GetAdventuredetails_Test" name="search_For_Adventure_with_InvalidID" time="1.271"/>
  <testcase classname="Endpoints.Getadventure_Test" name="getAdventureDetails" time="1.349"/>
  <testcase classname="Endpoints.Getadventure_Test" name="getAdventureDetails_With_Adventure_name" time="1.22"/>
  <testcase classname="Endpoints.Getadventure_Test" name="getAdventureDetails_With_Invalid_City" time="1.228"/>
  <testcase classname="Endpoints.Getadventure_Test" name="getAdventureDetails_With_Invalid_City_And_Adventure" time="1.26"/>
  <testcase classname="Endpoints.GetCity_Test" name="getAllCity" time="1.165"/>
  <testcase classname="Endpoints.GetCity_Test" name="getAllCity1" time="1.294"/>
  <testcase classname="Endpoints.GetCity_Test" name="getAllCity3" time="1.208"/>
  <testcase classname="Endpoints.GetCity_Test" name="getAllCity4" time="1.255"/>
  <testcase classname="Endpoints.Login_Test" name="loginIntoQtrip" time="1.285"/>
  <testcase classname="Endpoints.Login_Test" name="loginIntoQtrip1" time="1.331"/>
  <testcase classname="Endpoints.Register_Test" name="createUser" time="1.343"/>
  <testcase classname="Endpoints.Register_Test" name="createUserPwd" time="1.299"/>
  <testcase classname="Endpoints.Register_Test" name="createUserWithExistingEmail" time="1.26"/>
</testsuite>