<?xml version="1.0" encoding="UTF-8"?>
<!-- Generated by org.testng.reporters.JUnitReportReporter -->
<testsuite hostname="LAPTOP-VB9FJKNE" failures="0" tests="4" name="Endpoints.GetCity_Test" time="3.952" errors="0" timestamp="2024-01-31T22:50:40 IST" skipped="0">
  <testcase classname="Endpoints.GetCity_Test" name="getAllCity4" time="1.051"/>
  <system-out/>
  <testcase classname="Endpoints.GetCity_Test" name="getAllCity1" time="1.014"/>
  <system-out/>
  <testcase classname="Endpoints.GetCity_Test" name="getAllCity3" time="0.901"/>
  <system-out/>
  <testcase classname="Endpoints.GetCity_Test" name="getAllCity" time="0.986"/>
  <system-out/>
</testsuite> <!-- Endpoints.GetCity_Test -->
