<?xml version="1.0" encoding="UTF-8"?>
<!-- Generated by org.testng.reporters.JUnitReportReporter -->
<testsuite hostname="LAPTOP-VB9FJKNE" failures="0" tests="2" name="Endpoints.GetAdventuredetails_Test" time="2.057" errors="0" timestamp="2024-01-31T22:50:40 IST" skipped="0">
  <testcase classname="Endpoints.GetAdventuredetails_Test" name="search_For_Adventure" time="1.051"/>
  <system-out/>
  <testcase classname="Endpoints.GetAdventuredetails_Test" name="search_For_Adventure_with_InvalidID" time="1.006"/>
  <system-out/>
</testsuite> <!-- Endpoints.GetAdventuredetails_Test -->
