<?xml version="1.0" encoding="UTF-8"?>
<!-- Generated by org.testng.reporters.JUnitReportReporter -->
<testsuite hostname="LAPTOP-VB9FJKNE" failures="0" tests="2" name="Endpoints.Login_Test" time="2.123" errors="0" timestamp="2024-01-31T22:50:40 IST" skipped="0">
  <testcase classname="Endpoints.Login_Test" name="loginIntoQtrip1" time="1.069"/>
  <system-out/>
  <testcase classname="Endpoints.Login_Test" name="loginIntoQtrip" time="1.054"/>
  <system-out/>
</testsuite> <!-- Endpoints.Login_Test -->
