<?xml version="1.0" encoding="UTF-8"?>
<!-- Generated by org.testng.reporters.JUnitReportReporter -->
<testsuite hostname="LAPTOP-VB9FJKNE" failures="0" tests="3" name="Endpoints.Register_Test" time="6.596" errors="0" timestamp="2024-01-31T22:50:40 IST" skipped="0">
  <testcase classname="Endpoints.Register_Test" name="createUserPwd" time="1.160"/>
  <system-out/>
  <testcase classname="Endpoints.Register_Test" name="createUserWithExistingEmail" time="1.169"/>
  <system-out/>
  <testcase classname="Endpoints.Register_Test" name="createUser" time="4.267"/>
  <system-out/>
</testsuite> <!-- Endpoints.Register_Test -->
