<?xml version="1.0" encoding="UTF-8"?>
<!-- Generated by org.testng.reporters.JUnitReportReporter -->
<testsuite hostname="LAPTOP-VB9FJKNE" failures="0" tests="4" name="Endpoints.Getadventure_Test" time="4.148" errors="0" timestamp="2024-01-31T22:50:40 IST" skipped="0">
  <testcase classname="Endpoints.Getadventure_Test" name="getAdventureDetails" time="1.160"/>
  <system-out/>
  <testcase classname="Endpoints.Getadventure_Test" name="getAdventureDetails_With_Invalid_City" time="0.914"/>
  <system-out/>
  <testcase classname="Endpoints.Getadventure_Test" name="getAdventureDetails_With_Invalid_City_And_Adventure" time="0.984"/>
  <system-out/>
  <testcase classname="Endpoints.Getadventure_Test" name="getAdventureDetails_With_Adventure_name" time="1.090"/>
  <system-out/>
</testsuite> <!-- Endpoints.Getadventure_Test -->
