<?xml version="1.0" encoding="UTF-8"?>
<!-- Generated by org.testng.reporters.JUnitReportReporter -->
<testsuite hostname="LAPTOP-VB9FJKNE" failures="0" tests="2" name="Endpoints.Createreservation" time="2.202" errors="0" timestamp="2024-01-31T22:50:40 IST" skipped="0">
  <testcase classname="Endpoints.Createreservation" name="createReservation" time="1.102"/>
  <system-out/>
  <testcase classname="Endpoints.Createreservation" name="createReservation_With_Invalid_Data" time="1.100"/>
  <system-out/>
</testsuite> <!-- Endpoints.Createreservation -->
