<?xml version="1.0" encoding="UTF-8"?>
<!-- Generated by org.testng.reporters.JUnitReportReporter -->
<testsuite hostname="LAPTOP-VB9FJKNE" failures="0" tests="2" name="Endpoints.Deletereservation" time="2.044" errors="0" timestamp="2024-01-31T22:50:40 IST" skipped="0">
  <testcase classname="Endpoints.Deletereservation" name="deleteReservation" time="1.115"/>
  <system-out/>
  <testcase classname="Endpoints.Deletereservation" name="deleteReservation_Invalid" time="0.929"/>
  <system-out/>
</testsuite> <!-- Endpoints.Deletereservation -->
