<?xml version="1.0" encoding="UTF-8"?>
<!-- Generated by org.testng.reporters.JUnitReportReporter -->
<testsuite hostname="LAPTOP-VB9FJKNE" failures="0" tests="1" name="Endpoints.Getadventure_Test$GetCity_Test" time="3.131" errors="0" timestamp="2024-01-31T11:36:08 IST" skipped="0">
  <testcase classname="Endpoints.Getadventure_Test$GetCity_Test" name="getAdventureDetails" time="3.131"/>
  <system-out/>
</testsuite> <!-- Endpoints.Getadventure_Test$GetCity_Test -->
