<?xml version="1.0" encoding="UTF-8"?>
<!-- Generated by org.testng.reporters.JUnitReportReporter -->
<testsuite hostname="LAPTOP-VB9FJKNE" failures="0" tests="2" name="Endpoints.GetReservation" time="1.941" errors="0" timestamp="2024-01-31T22:50:40 IST" skipped="0">
  <testcase classname="Endpoints.GetReservation" name="getReseravtion" time="0.970"/>
  <system-out/>
  <testcase classname="Endpoints.GetReservation" name="getReseravtion_with_Invalid_Dtails" time="0.971"/>
  <system-out/>
</testsuite> <!-- Endpoints.GetReservation -->
