<?xml version="1.0" encoding="UTF-8"?>
<!-- Generated by org.testng.reporters.JUnitReportReporter -->
<testsuite hostname="LAPTOP-VB9FJKNE" failures="0" tests="4" name="Endpoints.Getadventure_Test" time="5.308" errors="0" timestamp="2024-02-01T12:02:39 IST" skipped="0">
  <testcase classname="Endpoints.Getadventure_Test" name="getAdventureDetails_With_Invalid_City" time="1.311"/>
  <system-out/>
  <testcase classname="Endpoints.Getadventure_Test" name="getAdventureDetails" time="1.495"/>
  <system-out/>
  <testcase classname="Endpoints.Getadventure_Test" name="getAdventureDetails_With_Invalid_City_And_Adventure" time="1.247"/>
  <system-out/>
  <testcase classname="Endpoints.Getadventure_Test" name="getAdventureDetails_With_Adventure_name" time="1.255"/>
  <system-out/>
</testsuite> <!-- Endpoints.Getadventure_Test -->
