<?xml version="1.0" encoding="UTF-8"?>
<!-- Generated by org.testng.reporters.JUnitReportReporter -->
<testsuite hostname="LAPTOP-VB9FJKNE" failures="0" tests="4" name="Endpoints.Getadventure_Test" time="5.053" errors="0" timestamp="2024-02-01T17:51:05 IST" skipped="0">
  <testcase classname="Endpoints.Getadventure_Test" name="getAdventureDetails" time="1.348"/>
  <system-out/>
  <testcase classname="Endpoints.Getadventure_Test" name="getAdventureDetails_With_Invalid_City_And_Adventure" time="1.257"/>
  <system-out/>
  <testcase classname="Endpoints.Getadventure_Test" name="getAdventureDetails_With_Adventure_name" time="1.220"/>
  <system-out/>
  <testcase classname="Endpoints.Getadventure_Test" name="getAdventureDetails_With_Invalid_City" time="1.228"/>
  <system-out/>
</testsuite> <!-- Endpoints.Getadventure_Test -->
