<?xml version="1.0" encoding="UTF-8"?>
<!-- Generated by org.testng.reporters.JUnitReportReporter -->
<testsuite hostname="LAPTOP-VB9FJKNE" failures="0" tests="3" name="Endpoints.Register_Test" time="3.908" errors="0" timestamp="2024-02-01T12:02:39 IST" skipped="0">
  <testcase classname="Endpoints.Register_Test" name="createUserWithExistingEmail" time="1.320"/>
  <system-out/>
  <testcase classname="Endpoints.Register_Test" name="createUserPwd" time="1.308"/>
  <system-out/>
  <testcase classname="Endpoints.Register_Test" name="createUser" time="1.280"/>
  <system-out/>
</testsuite> <!-- Endpoints.Register_Test -->
