<?xml version="1.0" encoding="UTF-8"?>
<!-- Generated by org.testng.reporters.JUnitReportReporter -->
<testsuite hostname="LAPTOP-VB9FJKNE" failures="0" tests="4" name="Endpoints.GetCity_Test" time="4.918" errors="0" timestamp="2024-02-01T17:51:05 IST" skipped="0">
  <testcase classname="Endpoints.GetCity_Test" name="getAllCity4" time="1.250"/>
  <system-out/>
  <testcase classname="Endpoints.GetCity_Test" name="getAllCity1" time="1.295"/>
  <system-out/>
  <testcase classname="Endpoints.GetCity_Test" name="getAllCity" time="1.164"/>
  <system-out/>
  <testcase classname="Endpoints.GetCity_Test" name="getAllCity3" time="1.209"/>
  <system-out/>
</testsuite> <!-- Endpoints.GetCity_Test -->
