<?xml version="1.0" encoding="UTF-8"?>
<!-- Generated by org.testng.reporters.JUnitReportReporter -->
<testsuite hostname="LAPTOP-VB9FJKNE" failures="0" tests="3" name="Endpoints.Register_Test" time="3.901" errors="0" timestamp="2024-02-01T17:51:05 IST" skipped="0">
  <testcase classname="Endpoints.Register_Test" name="createUserWithExistingEmail" time="1.260"/>
  <system-out/>
  <testcase classname="Endpoints.Register_Test" name="createUserPwd" time="1.305"/>
  <system-out/>
  <testcase classname="Endpoints.Register_Test" name="createUser" time="1.336"/>
  <system-out/>
</testsuite> <!-- Endpoints.Register_Test -->
