<?xml version="1.0" encoding="UTF-8"?>
<!-- Generated by org.testng.reporters.JUnitReportReporter -->
<testsuite hostname="LAPTOP-VB9FJKNE" failures="0" tests="2" name="Endpoints.Login_Test" time="2.615" errors="0" timestamp="2024-02-01T17:51:05 IST" skipped="0">
  <testcase classname="Endpoints.Login_Test" name="loginIntoQtrip" time="1.284"/>
  <system-out/>
  <testcase classname="Endpoints.Login_Test" name="loginIntoQtrip1" time="1.331"/>
  <system-out/>
</testsuite> <!-- Endpoints.Login_Test -->
