<?xml version="1.0" encoding="UTF-8"?>
<!-- Generated by org.testng.reporters.JUnitReportReporter -->
<testsuite hostname="LAPTOP-VB9FJKNE" failures="0" tests="4" name="Endpoints.GetCity_Test" time="5.030" errors="0" timestamp="2024-02-01T12:02:39 IST" skipped="0">
  <testcase classname="Endpoints.GetCity_Test" name="getAllCity" time="1.227"/>
  <system-out/>
  <testcase classname="Endpoints.GetCity_Test" name="getAllCity3" time="1.221"/>
  <system-out/>
  <testcase classname="Endpoints.GetCity_Test" name="getAllCity4" time="1.274"/>
  <system-out/>
  <testcase classname="Endpoints.GetCity_Test" name="getAllCity1" time="1.308"/>
  <system-out/>
</testsuite> <!-- Endpoints.GetCity_Test -->
