<?xml version="1.0" encoding="UTF-8"?>
<!-- Generated by org.testng.reporters.JUnitReportReporter -->
<testsuite hostname="LAPTOP-VB9FJKNE" failures="0" tests="2" name="Endpoints.GetAdventuredetails_Test" time="4.781" errors="0" timestamp="2024-02-01T12:02:39 IST" skipped="0">
  <testcase classname="Endpoints.GetAdventuredetails_Test" name="search_For_Adventure" time="3.459"/>
  <system-out/>
  <testcase classname="Endpoints.GetAdventuredetails_Test" name="search_For_Adventure_with_InvalidID" time="1.322"/>
  <system-out/>
</testsuite> <!-- Endpoints.GetAdventuredetails_Test -->
